<?xml version="1.0" encoding="UTF-8"?>
<!-- Generated by org.testng.reporters.JUnitXMLReporter -->
<testsuite ignored="0" hostname="DESKTOP-TCAG5EO" failures="2" tests="4" name="Test" time="89.262" errors="0" timestamp="2022-10-17T22:56:28 IST">
  <testcase classname="Com.OrangeHRM.TestCases.HomepageTest" name="EmployeeName" time="14.598">
    <failure type="java.lang.NullPointerException" message="Cannot invoke &amp;quot;org.apache.log4j.Logger.info(Object)&amp;quot; because &amp;quot;Com.OrangeHRM.TestCases.HomepageTest.logger&amp;quot; is null">
      <![CDATA[java.lang.NullPointerException: Cannot invoke "org.apache.log4j.Logger.info(Object)" because "Com.OrangeHRM.TestCases.HomepageTest.logger" is null
at Com.OrangeHRM.TestCases.HomepageTest.EmployeeName(HomepageTest.java:43)
at java.base/java.util.ArrayList.forEach(ArrayList.java:1511)
... Removed 27 stack frames]]>
    </failure>
  </testcase> <!-- EmployeeName -->
  <testcase classname="Com.OrangeHRM.TestCases.LoginpageTest" name="OrangeHRMPageTitle" time="12.032"/>
  <testcase classname="Com.OrangeHRM.TestCases.LoginpageTest" name="OrangeUername" time="11.56">
    <failure type="java.lang.AssertionError">
      <![CDATA[java.lang.AssertionError: 
at Com.OrangeHRM.TestCases.LoginpageTest.OrangeUername(LoginpageTest.java:41)
at java.base/java.util.ArrayList.forEach(ArrayList.java:1511)
... Removed 30 stack frames]]>
    </failure>
  </testcase> <!-- OrangeUername -->
  <testcase classname="Com.OrangeHRM.TestCases.ConfigurationPageTest" name="ConfigList" time="13.422"/>
</testsuite> <!-- Test -->
